<?xml version="1.0" encoding="UTF-8"?>
<!-- Generated by org.testng.reporters.JUnitXMLReporter -->
<testsuite ignored="0" hostname="Manjusha" failures="0" tests="2" name="Default test" time="22.049" errors="0" timestamp="2024-11-16T15:51:36 IST">
  <testcase classname="com.amazon.testCases.AmazonPageVerifyTests" name="navigateToRegionUpdatePageAndVerify" time="5.977"/>
  <testcase classname="com.amazon.testCases.AmazonPageVerifyTests" name="verifyLogo" time="0.264"/>
</testsuite> <!-- Default test -->
